<?xml version="1.0" encoding="UTF-8"?>
<testng-results skipped="0" failed="0" ignored="0" total="5" passed="5">
  <reporter-output>
  </reporter-output>
  <suite name="Suite" duration-ms="4788" started-at="2018-08-21T09:08:28Z" finished-at="2018-08-21T09:08:33Z">
    <groups>
    </groups>
    <test name="Test" duration-ms="4788" started-at="2018-08-21T09:08:28Z" finished-at="2018-08-21T09:08:33Z">
      <class name="RestAssured.RestTest">
        <test-method status="PASS" signature="testGet()[pri:1, instance:RestAssured.RestTest@cc285f4]" name="testGet" duration-ms="1818" started-at="2018-08-21T09:08:28Z" finished-at="2018-08-21T09:08:30Z">
          <reporter-output>
          </reporter-output>
        </test-method> <!-- testGet -->
        <test-method status="PASS" signature="testPost()[pri:2, instance:RestAssured.RestTest@cc285f4]" name="testPost" duration-ms="795" started-at="2018-08-21T09:08:30Z" finished-at="2018-08-21T09:08:31Z">
          <reporter-output>
          </reporter-output>
        </test-method> <!-- testPost -->
        <test-method status="PASS" signature="testDelete()[pri:3, instance:RestAssured.RestTest@cc285f4]" name="testDelete" duration-ms="780" started-at="2018-08-21T09:08:31Z" finished-at="2018-08-21T09:08:32Z">
          <reporter-output>
          </reporter-output>
        </test-method> <!-- testDelete -->
        <test-method status="PASS" signature="testPut()[pri:4, instance:RestAssured.RestTest@cc285f4]" name="testPut" duration-ms="597" started-at="2018-08-21T09:08:32Z" finished-at="2018-08-21T09:08:32Z">
          <reporter-output>
          </reporter-output>
        </test-method> <!-- testPut -->
        <test-method status="PASS" signature="testPatch()[pri:5, instance:RestAssured.RestTest@cc285f4]" name="testPatch" duration-ms="766" started-at="2018-08-21T09:08:32Z" finished-at="2018-08-21T09:08:33Z">
          <reporter-output>
          </reporter-output>
        </test-method> <!-- testPatch -->
      </class> <!-- RestAssured.RestTest -->
    </test> <!-- Test -->
  </suite> <!-- Suite -->
</testng-results>
