<?xml version="1.0" encoding="UTF-8"?>
<!-- Generated by org.testng.reporters.JUnitXMLReporter -->
<testsuite hostname="swapnilband-w" ignored="0" name="Default test" tests="5" failures="0" timestamp="21 Aug 2018 09:08:08 GMT" time="4.947" errors="0">
  <testcase name="testGet" time="1.874" classname="RestAssured.RestTest"/>
  <testcase name="testPost" time="0.867" classname="RestAssured.RestTest"/>
  <testcase name="testDelete" time="0.772" classname="RestAssured.RestTest"/>
  <testcase name="testPut" time="0.621" classname="RestAssured.RestTest"/>
  <testcase name="testPatch" time="0.779" classname="RestAssured.RestTest"/>
</testsuite> <!-- Default test -->
